<?xml version="1.0" encoding="UTF-8"?>
<!-- Generated by org.testng.reporters.JUnitXMLReporter -->
<testsuite hostname="Hitendra-PC" ignored="21" name="Regression" tests="3" failures="0" timestamp="2020-07-17T19:15:11 IST" time="105.7" errors="0">
  <testcase name="verifyTotalPrice" time="16.795" classname="com.mystore.testcases.OrderPageTest"/>
  <testcase name="addToCartTest" time="12.991" classname="com.mystore.testcases.AddToCartPageTest"/>
  <testcase name="endToEndTest" time="33.68" classname="com.mystore.testcases.EndToEndTest"/>
  <testcase name="loginTest" time="0.0" classname="com.mystore.testcases.LoginPageTest">
    <ignored/>
  </testcase> <!-- loginTest -->
  <testcase name="verifyLogo" time="0.0" classname="com.mystore.testcases.IndexPageTest">
    <ignored/>
  </testcase> <!-- verifyLogo -->
  <testcase name="@BeforeSuite beforeSuite" time="0.0" classname="com.mystore.base.BaseClass">
    <ignored/>
  </testcase> <!-- @BeforeSuite beforeSuite -->
  <testcase name="@BeforeSuite beforeSuite" time="0.0" classname="com.mystore.base.BaseClass">
    <ignored/>
  </testcase> <!-- @BeforeSuite beforeSuite -->
  <testcase name="@BeforeSuite beforeSuite" time="0.0" classname="com.mystore.base.BaseClass">
    <ignored/>
  </testcase> <!-- @BeforeSuite beforeSuite -->
  <testcase name="@BeforeSuite beforeSuite" time="0.0" classname="com.mystore.base.BaseClass">
    <ignored/>
  </testcase> <!-- @BeforeSuite beforeSuite -->
  <testcase name="@BeforeSuite beforeSuite" time="0.0" classname="com.mystore.base.BaseClass">
    <ignored/>
  </testcase> <!-- @BeforeSuite beforeSuite -->
  <testcase name="@BeforeSuite beforeSuite" time="0.0" classname="com.mystore.base.BaseClass">
    <ignored/>
  </testcase> <!-- @BeforeSuite beforeSuite -->
  <testcase name="@BeforeSuite beforeSuite" time="0.0" classname="com.mystore.base.BaseClass">
    <ignored/>
  </testcase> <!-- @BeforeSuite beforeSuite -->
  <testcase name="verifyTitle" time="0.0" classname="com.mystore.testcases.IndexPageTest">
    <ignored/>
  </testcase> <!-- verifyTitle -->
  <testcase name="@BeforeTest loadConfig" time="0.0" classname="com.mystore.base.BaseClass">
    <ignored/>
  </testcase> <!-- @BeforeTest loadConfig -->
  <testcase name="@BeforeTest loadConfig" time="0.0" classname="com.mystore.base.BaseClass">
    <ignored/>
  </testcase> <!-- @BeforeTest loadConfig -->
  <testcase name="@BeforeTest loadConfig" time="0.0" classname="com.mystore.base.BaseClass">
    <ignored/>
  </testcase> <!-- @BeforeTest loadConfig -->
  <testcase name="@BeforeTest loadConfig" time="0.0" classname="com.mystore.base.BaseClass">
    <ignored/>
  </testcase> <!-- @BeforeTest loadConfig -->
  <testcase name="@BeforeTest loadConfig" time="0.0" classname="com.mystore.base.BaseClass">
    <ignored/>
  </testcase> <!-- @BeforeTest loadConfig -->
  <testcase name="@BeforeTest loadConfig" time="0.0" classname="com.mystore.base.BaseClass">
    <ignored/>
  </testcase> <!-- @BeforeTest loadConfig -->
  <testcase name="@BeforeTest loadConfig" time="0.0" classname="com.mystore.base.BaseClass">
    <ignored/>
  </testcase> <!-- @BeforeTest loadConfig -->
  <testcase name="productAvailabilityTest" time="0.0" classname="com.mystore.testcases.SearchResultPageTest">
    <ignored/>
  </testcase> <!-- productAvailabilityTest -->
  <testcase name="orderHistoryandDetailsTest" time="0.0" classname="com.mystore.testcases.HomePageTest">
    <ignored/>
  </testcase> <!-- orderHistoryandDetailsTest -->
  <testcase name="wishListTest" time="0.0" classname="com.mystore.testcases.HomePageTest">
    <ignored/>
  </testcase> <!-- wishListTest -->
  <testcase name="verifyCreateAccountPageTest" time="0.0" classname="com.mystore.testcases.AccountCreationPageTest">
    <ignored/>
  </testcase> <!-- verifyCreateAccountPageTest -->
</testsuite> <!-- Regression -->
