<?xml version="1.0" encoding="UTF-8"?>
<!-- Generated by org.testng.reporters.JUnitXMLReporter -->
<testsuite hostname="Hitendra-PC" ignored="7" name="Test" tests="9" failures="0" timestamp="2020-07-13T17:26:12 IST" time="202.075" errors="0">
  <testcase name="orderHistoryandDetailsTest" time="8.826" classname="com.mystore.testcases.HomePageTest"/>
  <testcase name="wishListTest" time="9.233" classname="com.mystore.testcases.HomePageTest"/>
  <testcase name="addToCartTest" time="11.764" classname="com.mystore.testcases.AddToCartPageTest"/>
  <testcase name="verifyTotalPrice" time="15.703" classname="com.mystore.testcases.OrderPageTest"/>
  <testcase name="verifyCreateAccountPageTest" time="6.208" classname="com.mystore.testcases.AccountCreationPageTest"/>
  <testcase name="productAvailabilityTest" time="5.808" classname="com.mystore.testcases.SearchResultPageTest"/>
  <testcase name="verifyLogo" time="0.112" classname="com.mystore.testcases.IndexPageTest"/>
  <testcase name="verifyTitle" time="0.025" classname="com.mystore.testcases.IndexPageTest"/>
  <testcase name="endToEndTest" time="35.346" classname="com.mystore.testcases.EndToEndTest"/>
  <testcase name="@BeforeTest loadConfig" time="0.0" classname="com.mystore.base.BaseClass">
    <ignored/>
  </testcase> <!-- @BeforeTest loadConfig -->
  <testcase name="@BeforeTest loadConfig" time="0.0" classname="com.mystore.base.BaseClass">
    <ignored/>
  </testcase> <!-- @BeforeTest loadConfig -->
  <testcase name="@BeforeTest loadConfig" time="0.0" classname="com.mystore.base.BaseClass">
    <ignored/>
  </testcase> <!-- @BeforeTest loadConfig -->
  <testcase name="@BeforeTest loadConfig" time="0.0" classname="com.mystore.base.BaseClass">
    <ignored/>
  </testcase> <!-- @BeforeTest loadConfig -->
  <testcase name="@BeforeTest loadConfig" time="0.0" classname="com.mystore.base.BaseClass">
    <ignored/>
  </testcase> <!-- @BeforeTest loadConfig -->
  <testcase name="@BeforeTest loadConfig" time="0.0" classname="com.mystore.base.BaseClass">
    <ignored/>
  </testcase> <!-- @BeforeTest loadConfig -->
  <testcase name="@BeforeTest loadConfig" time="0.0" classname="com.mystore.base.BaseClass">
    <ignored/>
  </testcase> <!-- @BeforeTest loadConfig -->
</testsuite> <!-- Test -->
