<?xml version="1.0" encoding="UTF-8"?>
<!-- Generated by org.testng.reporters.JUnitXMLReporter -->
<testsuite hostname="Hitendra-PC" ignored="14" name="Test_All" tests="10" failures="2" timestamp="2020-07-17T23:42:07 IST" time="278.888" errors="0">
  <testcase name="verifyCreateAccountPageTest" time="10.141" classname="com.mystore.testcases.AccountCreationPageTest"/>
  <testcase name="addToCartTest" time="13.724" classname="com.mystore.testcases.AddToCartPageTest"/>
  <testcase name="orderHistoryandDetailsTest" time="13.305" classname="com.mystore.testcases.HomePageTest">
    <failure type="java.lang.AssertionError" message="expected [true] but found [false]">
      <![CDATA[java.lang.AssertionError: expected [true] but found [false]
at com.mystore.testcases.HomePageTest.orderHistoryandDetailsTest(HomePageTest.java:57)
at java.util.ArrayList.forEach(ArrayList.java:1257)
... Removed 31 stack frames]]>
    </failure>
  </testcase> <!-- orderHistoryandDetailsTest -->
  <testcase name="wishListTest" time="12.069" classname="com.mystore.testcases.HomePageTest"/>
  <testcase name="verifyTotalPrice" time="17.556" classname="com.mystore.testcases.OrderPageTest"/>
  <testcase name="productAvailabilityTest" time="7.865" classname="com.mystore.testcases.SearchResultPageTest"/>
  <testcase name="loginTest" time="12.442" classname="com.mystore.testcases.LoginPageTest"/>
  <testcase name="verifyLogo" time="0.378" classname="com.mystore.testcases.IndexPageTest"/>
  <testcase name="verifyTitle" time="0.066" classname="com.mystore.testcases.IndexPageTest">
    <failure type="java.lang.AssertionError" message="expected [My Store1] but found [My Store]">
      <![CDATA[java.lang.AssertionError: expected [My Store1] but found [My Store]
at com.mystore.testcases.IndexPageTest.verifyTitle(IndexPageTest.java:45)
at java.util.ArrayList.forEach(ArrayList.java:1257)
... Removed 32 stack frames]]>
    </failure>
  </testcase> <!-- verifyTitle -->
  <testcase name="endToEndTest" time="38.762" classname="com.mystore.testcases.EndToEndTest"/>
  <testcase name="@BeforeSuite loadConfig" time="0.0" classname="com.mystore.base.BaseClass">
    <ignored/>
  </testcase> <!-- @BeforeSuite loadConfig -->
  <testcase name="@BeforeSuite loadConfig" time="0.0" classname="com.mystore.base.BaseClass">
    <ignored/>
  </testcase> <!-- @BeforeSuite loadConfig -->
  <testcase name="@BeforeSuite loadConfig" time="0.0" classname="com.mystore.base.BaseClass">
    <ignored/>
  </testcase> <!-- @BeforeSuite loadConfig -->
  <testcase name="@BeforeSuite loadConfig" time="0.0" classname="com.mystore.base.BaseClass">
    <ignored/>
  </testcase> <!-- @BeforeSuite loadConfig -->
  <testcase name="@BeforeSuite loadConfig" time="0.0" classname="com.mystore.base.BaseClass">
    <ignored/>
  </testcase> <!-- @BeforeSuite loadConfig -->
  <testcase name="@BeforeSuite loadConfig" time="0.0" classname="com.mystore.base.BaseClass">
    <ignored/>
  </testcase> <!-- @BeforeSuite loadConfig -->
  <testcase name="@BeforeSuite loadConfig" time="0.0" classname="com.mystore.base.BaseClass">
    <ignored/>
  </testcase> <!-- @BeforeSuite loadConfig -->
  <testcase name="@AfterSuite afterSuite" time="0.0" classname="com.mystore.base.BaseClass">
    <ignored/>
  </testcase> <!-- @AfterSuite afterSuite -->
  <testcase name="@AfterSuite afterSuite" time="0.0" classname="com.mystore.base.BaseClass">
    <ignored/>
  </testcase> <!-- @AfterSuite afterSuite -->
  <testcase name="@AfterSuite afterSuite" time="0.0" classname="com.mystore.base.BaseClass">
    <ignored/>
  </testcase> <!-- @AfterSuite afterSuite -->
  <testcase name="@AfterSuite afterSuite" time="0.0" classname="com.mystore.base.BaseClass">
    <ignored/>
  </testcase> <!-- @AfterSuite afterSuite -->
  <testcase name="@AfterSuite afterSuite" time="0.0" classname="com.mystore.base.BaseClass">
    <ignored/>
  </testcase> <!-- @AfterSuite afterSuite -->
  <testcase name="@AfterSuite afterSuite" time="0.0" classname="com.mystore.base.BaseClass">
    <ignored/>
  </testcase> <!-- @AfterSuite afterSuite -->
  <testcase name="@AfterSuite afterSuite" time="0.0" classname="com.mystore.base.BaseClass">
    <ignored/>
  </testcase> <!-- @AfterSuite afterSuite -->
</testsuite> <!-- Test_All -->
